<?xml version="1.0" encoding="UTF-8"?>
<testsuite xmlns:xsi="http://www.w3.org/2001/XMLSchema-instance" xsi:noNamespaceSchemaLocation="https://maven.apache.org/surefire/maven-surefire-plugin/xsd/surefire-test-report.xsd" name="com.example.Tribes.TribesApplicationTests" time="5.056" tests="1" errors="0" skipped="0" failures="0">
  <properties>
    <property name="gopherProxySet" value="false"/>
    <property name="awt.toolkit" value="sun.lwawt.macosx.LWCToolkit"/>
    <property name="java.specification.version" value="11"/>
    <property name="sun.cpu.isalist" value=""/>
    <property name="sun.jnu.encoding" value="UTF-8"/>
    <property name="java.class.path" value="/Users/mansoorchoudhury/Documents/DSProject/HighBrow-Tribe/persistentSystem/target/test-classes:/Users/mansoorchoudhury/Documents/DSProject/HighBrow-Tribe/persistentSystem/target/classes:/Users/mansoorchoudhury/.m2/repository/org/springframework/boot/spring-boot-starter-data-jpa/2.6.2/spring-boot-starter-data-jpa-2.6.2.jar:/Users/mansoorchoudhury/.m2/repository/org/springframework/boot/spring-boot-starter-aop/2.6.2/spring-boot-starter-aop-2.6.2.jar:/Users/mansoorchoudhury/.m2/repository/org/springframework/spring-aop/5.3.14/spring-aop-5.3.14.jar:/Users/mansoorchoudhury/.m2/repository/org/aspectj/aspectjweaver/1.9.7/aspectjweaver-1.9.7.jar:/Users/mansoorchoudhury/.m2/repository/org/springframework/boot/spring-boot-starter-jdbc/2.6.2/spring-boot-starter-jdbc-2.6.2.jar:/Users/mansoorchoudhury/.m2/repository/com/zaxxer/HikariCP/4.0.3/HikariCP-4.0.3.jar:/Users/mansoorchoudhury/.m2/repository/org/springframework/spring-jdbc/5.3.14/spring-jdbc-5.3.14.jar:/Users/mansoorchoudhury/.m2/repository/jakarta/transaction/jakarta.transaction-api/1.3.3/jakarta.transaction-api-1.3.3.jar:/Users/mansoorchoudhury/.m2/repository/jakarta/persistence/jakarta.persistence-api/2.2.3/jakarta.persistence-api-2.2.3.jar:/Users/mansoorchoudhury/.m2/repository/org/hibernate/hibernate-core/5.6.3.Final/hibernate-core-5.6.3.Final.jar:/Users/mansoorchoudhury/.m2/repository/org/jboss/logging/jboss-logging/3.4.2.Final/jboss-logging-3.4.2.Final.jar:/Users/mansoorchoudhury/.m2/repository/net/bytebuddy/byte-buddy/1.11.22/byte-buddy-1.11.22.jar:/Users/mansoorchoudhury/.m2/repository/antlr/antlr/2.7.7/antlr-2.7.7.jar:/Users/mansoorchoudhury/.m2/repository/org/jboss/jandex/2.2.3.Final/jandex-2.2.3.Final.jar:/Users/mansoorchoudhury/.m2/repository/com/fasterxml/classmate/1.5.1/classmate-1.5.1.jar:/Users/mansoorchoudhury/.m2/repository/org/hibernate/common/hibernate-commons-annotations/5.1.2.Final/hibernate-commons-annotations-5.1.2.Final.jar:/Users/mansoorchoudhury/.m2/repository/org/glassfish/jaxb/jaxb-runtime/2.3.5/jaxb-runtime-2.3.5.jar:/Users/mansoorchoudhury/.m2/repository/org/glassfish/jaxb/txw2/2.3.5/txw2-2.3.5.jar:/Users/mansoorchoudhury/.m2/repository/com/sun/istack/istack-commons-runtime/3.0.12/istack-commons-runtime-3.0.12.jar:/Users/mansoorchoudhury/.m2/repository/com/sun/activation/jakarta.activation/1.2.2/jakarta.activation-1.2.2.jar:/Users/mansoorchoudhury/.m2/repository/org/springframework/data/spring-data-jpa/2.6.0/spring-data-jpa-2.6.0.jar:/Users/mansoorchoudhury/.m2/repository/org/springframework/data/spring-data-commons/2.6.0/spring-data-commons-2.6.0.jar:/Users/mansoorchoudhury/.m2/repository/org/springframework/spring-orm/5.3.14/spring-orm-5.3.14.jar:/Users/mansoorchoudhury/.m2/repository/org/springframework/spring-context/5.3.14/spring-context-5.3.14.jar:/Users/mansoorchoudhury/.m2/repository/org/springframework/spring-tx/5.3.14/spring-tx-5.3.14.jar:/Users/mansoorchoudhury/.m2/repository/org/springframework/spring-beans/5.3.14/spring-beans-5.3.14.jar:/Users/mansoorchoudhury/.m2/repository/org/slf4j/slf4j-api/1.7.32/slf4j-api-1.7.32.jar:/Users/mansoorchoudhury/.m2/repository/org/springframework/spring-aspects/5.3.14/spring-aspects-5.3.14.jar:/Users/mansoorchoudhury/.m2/repository/org/springframework/boot/spring-boot-starter-web/2.6.2/spring-boot-starter-web-2.6.2.jar:/Users/mansoorchoudhury/.m2/repository/org/springframework/boot/spring-boot-starter/2.6.2/spring-boot-starter-2.6.2.jar:/Users/mansoorchoudhury/.m2/repository/org/springframework/boot/spring-boot/2.6.2/spring-boot-2.6.2.jar:/Users/mansoorchoudhury/.m2/repository/org/springframework/boot/spring-boot-autoconfigure/2.6.2/spring-boot-autoconfigure-2.6.2.jar:/Users/mansoorchoudhury/.m2/repository/org/springframework/boot/spring-boot-starter-logging/2.6.2/spring-boot-starter-logging-2.6.2.jar:/Users/mansoorchoudhury/.m2/repository/ch/qos/logback/logback-classic/1.2.9/logback-classic-1.2.9.jar:/Users/mansoorchoudhury/.m2/repository/ch/qos/logback/logback-core/1.2.9/logback-core-1.2.9.jar:/Users/mansoorchoudhury/.m2/repository/org/apache/logging/log4j/log4j-to-slf4j/2.17.0/log4j-to-slf4j-2.17.0.jar:/Users/mansoorchoudhury/.m2/repository/org/apache/logging/log4j/log4j-api/2.17.0/log4j-api-2.17.0.jar:/Users/mansoorchoudhury/.m2/repository/org/slf4j/jul-to-slf4j/1.7.32/jul-to-slf4j-1.7.32.jar:/Users/mansoorchoudhury/.m2/repository/jakarta/annotation/jakarta.annotation-api/1.3.5/jakarta.annotation-api-1.3.5.jar:/Users/mansoorchoudhury/.m2/repository/org/yaml/snakeyaml/1.29/snakeyaml-1.29.jar:/Users/mansoorchoudhury/.m2/repository/org/springframework/boot/spring-boot-starter-json/2.6.2/spring-boot-starter-json-2.6.2.jar:/Users/mansoorchoudhury/.m2/repository/org/springframework/boot/spring-boot-starter-tomcat/2.6.2/spring-boot-starter-tomcat-2.6.2.jar:/Users/mansoorchoudhury/.m2/repository/org/apache/tomcat/embed/tomcat-embed-core/9.0.56/tomcat-embed-core-9.0.56.jar:/Users/mansoorchoudhury/.m2/repository/org/apache/tomcat/embed/tomcat-embed-el/9.0.56/tomcat-embed-el-9.0.56.jar:/Users/mansoorchoudhury/.m2/repository/org/apache/tomcat/embed/tomcat-embed-websocket/9.0.56/tomcat-embed-websocket-9.0.56.jar:/Users/mansoorchoudhury/.m2/repository/org/springframework/spring-web/5.3.14/spring-web-5.3.14.jar:/Users/mansoorchoudhury/.m2/repository/org/springframework/spring-webmvc/5.3.14/spring-webmvc-5.3.14.jar:/Users/mansoorchoudhury/.m2/repository/org/springframework/spring-expression/5.3.14/spring-expression-5.3.14.jar:/Users/mansoorchoudhury/.m2/repository/com/h2database/h2/1.4.200/h2-1.4.200.jar:/Users/mansoorchoudhury/.m2/repository/org/springframework/boot/spring-boot-starter-test/2.6.2/spring-boot-starter-test-2.6.2.jar:/Users/mansoorchoudhury/.m2/repository/org/springframework/boot/spring-boot-test/2.6.2/spring-boot-test-2.6.2.jar:/Users/mansoorchoudhury/.m2/repository/org/springframework/boot/spring-boot-test-autoconfigure/2.6.2/spring-boot-test-autoconfigure-2.6.2.jar:/Users/mansoorchoudhury/.m2/repository/com/jayway/jsonpath/json-path/2.6.0/json-path-2.6.0.jar:/Users/mansoorchoudhury/.m2/repository/net/minidev/json-smart/2.4.7/json-smart-2.4.7.jar:/Users/mansoorchoudhury/.m2/repository/net/minidev/accessors-smart/2.4.7/accessors-smart-2.4.7.jar:/Users/mansoorchoudhury/.m2/repository/org/ow2/asm/asm/9.1/asm-9.1.jar:/Users/mansoorchoudhury/.m2/repository/jakarta/xml/bind/jakarta.xml.bind-api/2.3.3/jakarta.xml.bind-api-2.3.3.jar:/Users/mansoorchoudhury/.m2/repository/jakarta/activation/jakarta.activation-api/1.2.2/jakarta.activation-api-1.2.2.jar:/Users/mansoorchoudhury/.m2/repository/org/assertj/assertj-core/3.21.0/assertj-core-3.21.0.jar:/Users/mansoorchoudhury/.m2/repository/org/hamcrest/hamcrest/2.2/hamcrest-2.2.jar:/Users/mansoorchoudhury/.m2/repository/org/junit/jupiter/junit-jupiter/5.8.2/junit-jupiter-5.8.2.jar:/Users/mansoorchoudhury/.m2/repository/org/junit/jupiter/junit-jupiter-api/5.8.2/junit-jupiter-api-5.8.2.jar:/Users/mansoorchoudhury/.m2/repository/org/opentest4j/opentest4j/1.2.0/opentest4j-1.2.0.jar:/Users/mansoorchoudhury/.m2/repository/org/junit/platform/junit-platform-commons/1.8.2/junit-platform-commons-1.8.2.jar:/Users/mansoorchoudhury/.m2/repository/org/apiguardian/apiguardian-api/1.1.2/apiguardian-api-1.1.2.jar:/Users/mansoorchoudhury/.m2/repository/org/junit/jupiter/junit-jupiter-params/5.8.2/junit-jupiter-params-5.8.2.jar:/Users/mansoorchoudhury/.m2/repository/org/junit/jupiter/junit-jupiter-engine/5.8.2/junit-jupiter-engine-5.8.2.jar:/Users/mansoorchoudhury/.m2/repository/org/junit/platform/junit-platform-engine/1.8.2/junit-platform-engine-1.8.2.jar:/Users/mansoorchoudhury/.m2/repository/org/mockito/mockito-core/4.0.0/mockito-core-4.0.0.jar:/Users/mansoorchoudhury/.m2/repository/net/bytebuddy/byte-buddy-agent/1.11.22/byte-buddy-agent-1.11.22.jar:/Users/mansoorchoudhury/.m2/repository/org/objenesis/objenesis/3.2/objenesis-3.2.jar:/Users/mansoorchoudhury/.m2/repository/org/mockito/mockito-junit-jupiter/4.0.0/mockito-junit-jupiter-4.0.0.jar:/Users/mansoorchoudhury/.m2/repository/org/skyscreamer/jsonassert/1.5.0/jsonassert-1.5.0.jar:/Users/mansoorchoudhury/.m2/repository/com/vaadin/external/google/android-json/0.0.20131108.vaadin1/android-json-0.0.20131108.vaadin1.jar:/Users/mansoorchoudhury/.m2/repository/org/springframework/spring-core/5.3.14/spring-core-5.3.14.jar:/Users/mansoorchoudhury/.m2/repository/org/springframework/spring-jcl/5.3.14/spring-jcl-5.3.14.jar:/Users/mansoorchoudhury/.m2/repository/org/springframework/spring-test/5.3.14/spring-test-5.3.14.jar:/Users/mansoorchoudhury/.m2/repository/org/xmlunit/xmlunit-core/2.8.4/xmlunit-core-2.8.4.jar:/Users/mansoorchoudhury/.m2/repository/com/typesafe/akka/akka-actor_2.12/2.6.0-M8/akka-actor_2.12-2.6.0-M8.jar:/Users/mansoorchoudhury/.m2/repository/org/scala-lang/scala-library/2.12.9/scala-library-2.12.9.jar:/Users/mansoorchoudhury/.m2/repository/com/typesafe/config/1.3.5-RC1/config-1.3.5-RC1.jar:/Users/mansoorchoudhury/.m2/repository/org/scala-lang/modules/scala-java8-compat_2.12/0.8.0/scala-java8-compat_2.12-0.8.0.jar:/Users/mansoorchoudhury/.m2/repository/junit/junit/4.12/junit-4.12.jar:/Users/mansoorchoudhury/.m2/repository/org/hamcrest/hamcrest-core/2.2/hamcrest-core-2.2.jar:/Users/mansoorchoudhury/.m2/repository/com/typesafe/akka/akka-testkit_2.12/2.6.0-M8/akka-testkit_2.12-2.6.0-M8.jar:/Users/mansoorchoudhury/.m2/repository/com/typesafe/akka/akka-remote_2.12/2.6.0-M8/akka-remote_2.12-2.6.0-M8.jar:/Users/mansoorchoudhury/.m2/repository/com/typesafe/akka/akka-stream_2.12/2.6.0-M8/akka-stream_2.12-2.6.0-M8.jar:/Users/mansoorchoudhury/.m2/repository/org/reactivestreams/reactive-streams/1.0.3/reactive-streams-1.0.3.jar:/Users/mansoorchoudhury/.m2/repository/com/typesafe/ssl-config-core_2.12/0.3.8/ssl-config-core_2.12-0.3.8.jar:/Users/mansoorchoudhury/.m2/repository/org/scala-lang/modules/scala-parser-combinators_2.12/1.1.2/scala-parser-combinators_2.12-1.1.2.jar:/Users/mansoorchoudhury/.m2/repository/com/typesafe/akka/akka-protobuf-v3_2.12/2.6.0-M8/akka-protobuf-v3_2.12-2.6.0-M8.jar:/Users/mansoorchoudhury/.m2/repository/com/google/protobuf/protobuf-java/3.9.2/protobuf-java-3.9.2.jar:/Users/mansoorchoudhury/.m2/repository/org/agrona/agrona/1.0.7/agrona-1.0.7.jar:/Users/mansoorchoudhury/.m2/repository/io/netty/netty/3.10.6.Final/netty-3.10.6.Final.jar:/Users/mansoorchoudhury/.m2/repository/com/typesafe/akka/akka-cluster-typed_2.12/2.6.0-M8/akka-cluster-typed_2.12-2.6.0-M8.jar:/Users/mansoorchoudhury/.m2/repository/com/typesafe/akka/akka-actor-typed_2.12/2.6.0-M8/akka-actor-typed_2.12-2.6.0-M8.jar:/Users/mansoorchoudhury/.m2/repository/com/typesafe/akka/akka-cluster_2.12/2.6.0-M8/akka-cluster_2.12-2.6.0-M8.jar:/Users/mansoorchoudhury/.m2/repository/com/typesafe/akka/akka-cluster-tools_2.12/2.6.0-M8/akka-cluster-tools_2.12-2.6.0-M8.jar:/Users/mansoorchoudhury/.m2/repository/com/typesafe/akka/akka-coordination_2.12/2.6.0-M8/akka-coordination_2.12-2.6.0-M8.jar:/Users/mansoorchoudhury/.m2/repository/com/typesafe/akka/akka-distributed-data_2.12/2.6.0-M8/akka-distributed-data_2.12-2.6.0-M8.jar:/Users/mansoorchoudhury/.m2/repository/org/lmdbjava/lmdbjava/0.7.0/lmdbjava-0.7.0.jar:/Users/mansoorchoudhury/.m2/repository/com/github/jnr/jnr-ffi/2.1.9/jnr-ffi-2.1.9.jar:/Users/mansoorchoudhury/.m2/repository/org/ow2/asm/asm-commons/5.0.3/asm-commons-5.0.3.jar:/Users/mansoorchoudhury/.m2/repository/org/ow2/asm/asm-analysis/5.0.3/asm-analysis-5.0.3.jar:/Users/mansoorchoudhury/.m2/repository/org/ow2/asm/asm-tree/5.0.3/asm-tree-5.0.3.jar:/Users/mansoorchoudhury/.m2/repository/org/ow2/asm/asm-util/5.0.3/asm-util-5.0.3.jar:/Users/mansoorchoudhury/.m2/repository/com/github/jnr/jnr-a64asm/1.0.0/jnr-a64asm-1.0.0.jar:/Users/mansoorchoudhury/.m2/repository/com/github/jnr/jnr-x86asm/1.0.2/jnr-x86asm-1.0.2.jar:/Users/mansoorchoudhury/.m2/repository/com/github/jnr/jffi/1.2.18/jffi-1.2.18.jar:/Users/mansoorchoudhury/.m2/repository/com/github/jnr/jffi/1.2.18/jffi-1.2.18-native.jar:/Users/mansoorchoudhury/.m2/repository/com/github/jnr/jnr-constants/0.9.12/jnr-constants-0.9.12.jar:/Users/mansoorchoudhury/.m2/repository/com/typesafe/akka/akka-serialization-jackson_2.12/2.6.0-M8/akka-serialization-jackson_2.12-2.6.0-M8.jar:/Users/mansoorchoudhury/.m2/repository/com/fasterxml/jackson/core/jackson-core/2.13.1/jackson-core-2.13.1.jar:/Users/mansoorchoudhury/.m2/repository/com/fasterxml/jackson/core/jackson-annotations/2.13.1/jackson-annotations-2.13.1.jar:/Users/mansoorchoudhury/.m2/repository/com/fasterxml/jackson/core/jackson-databind/2.13.1/jackson-databind-2.13.1.jar:/Users/mansoorchoudhury/.m2/repository/com/fasterxml/jackson/module/jackson-module-scala_2.12/2.13.1/jackson-module-scala_2.12-2.13.1.jar:/Users/mansoorchoudhury/.m2/repository/com/thoughtworks/paranamer/paranamer/2.8/paranamer-2.8.jar:/Users/mansoorchoudhury/.m2/repository/com/fasterxml/jackson/datatype/jackson-datatype-jdk8/2.13.1/jackson-datatype-jdk8-2.13.1.jar:/Users/mansoorchoudhury/.m2/repository/com/fasterxml/jackson/datatype/jackson-datatype-jsr310/2.13.1/jackson-datatype-jsr310-2.13.1.jar:/Users/mansoorchoudhury/.m2/repository/com/fasterxml/jackson/module/jackson-module-parameter-names/2.13.1/jackson-module-parameter-names-2.13.1.jar:/Users/mansoorchoudhury/.m2/repository/com/fasterxml/jackson/dataformat/jackson-dataformat-cbor/2.13.1/jackson-dataformat-cbor-2.13.1.jar:/Users/mansoorchoudhury/Documents/DSProject/HighBrow-Tribe/centralCore/target/centralCore-0.0.1-SNAPSHOT.jar:/Users/mansoorchoudhury/.m2/repository/org/projectlombok/lombok/1.18.22/lombok-1.18.22.jar:"/>
    <property name="java.vm.vendor" value="Eclipse Foundation"/>
    <property name="sun.arch.data.model" value="64"/>
    <property name="java.vendor.url" value="https://adoptium.net/"/>
    <property name="user.timezone" value=""/>
    <property name="java.vm.specification.version" value="11"/>
    <property name="os.name" value="Mac OS X"/>
    <property name="sun.java.launcher" value="SUN_STANDARD"/>
    <property name="user.country" value="IN"/>
    <property name="sun.boot.library.path" value="/Users/mansoorchoudhury/.sdkman/candidates/java/11.0.12-tem/lib"/>
    <property name="sun.java.command" value="/Users/mansoorchoudhury/Documents/DSProject/HighBrow-Tribe/persistentSystem/target/surefire/surefirebooter5899851199793609900.jar /Users/mansoorchoudhury/Documents/DSProject/HighBrow-Tribe/persistentSystem/target/surefire 2022-01-07T20-31-40_884-jvmRun1 surefire8753499978723470189tmp surefire_017062508745501879500tmp"/>
    <property name="http.nonProxyHosts" value="local|*.local|169.254/16|*.169.254/16"/>
    <property name="jdk.debug" value="release"/>
    <property name="surefire.test.class.path" value="/Users/mansoorchoudhury/Documents/DSProject/HighBrow-Tribe/persistentSystem/target/test-classes:/Users/mansoorchoudhury/Documents/DSProject/HighBrow-Tribe/persistentSystem/target/classes:/Users/mansoorchoudhury/.m2/repository/org/springframework/boot/spring-boot-starter-data-jpa/2.6.2/spring-boot-starter-data-jpa-2.6.2.jar:/Users/mansoorchoudhury/.m2/repository/org/springframework/boot/spring-boot-starter-aop/2.6.2/spring-boot-starter-aop-2.6.2.jar:/Users/mansoorchoudhury/.m2/repository/org/springframework/spring-aop/5.3.14/spring-aop-5.3.14.jar:/Users/mansoorchoudhury/.m2/repository/org/aspectj/aspectjweaver/1.9.7/aspectjweaver-1.9.7.jar:/Users/mansoorchoudhury/.m2/repository/org/springframework/boot/spring-boot-starter-jdbc/2.6.2/spring-boot-starter-jdbc-2.6.2.jar:/Users/mansoorchoudhury/.m2/repository/com/zaxxer/HikariCP/4.0.3/HikariCP-4.0.3.jar:/Users/mansoorchoudhury/.m2/repository/org/springframework/spring-jdbc/5.3.14/spring-jdbc-5.3.14.jar:/Users/mansoorchoudhury/.m2/repository/jakarta/transaction/jakarta.transaction-api/1.3.3/jakarta.transaction-api-1.3.3.jar:/Users/mansoorchoudhury/.m2/repository/jakarta/persistence/jakarta.persistence-api/2.2.3/jakarta.persistence-api-2.2.3.jar:/Users/mansoorchoudhury/.m2/repository/org/hibernate/hibernate-core/5.6.3.Final/hibernate-core-5.6.3.Final.jar:/Users/mansoorchoudhury/.m2/repository/org/jboss/logging/jboss-logging/3.4.2.Final/jboss-logging-3.4.2.Final.jar:/Users/mansoorchoudhury/.m2/repository/net/bytebuddy/byte-buddy/1.11.22/byte-buddy-1.11.22.jar:/Users/mansoorchoudhury/.m2/repository/antlr/antlr/2.7.7/antlr-2.7.7.jar:/Users/mansoorchoudhury/.m2/repository/org/jboss/jandex/2.2.3.Final/jandex-2.2.3.Final.jar:/Users/mansoorchoudhury/.m2/repository/com/fasterxml/classmate/1.5.1/classmate-1.5.1.jar:/Users/mansoorchoudhury/.m2/repository/org/hibernate/common/hibernate-commons-annotations/5.1.2.Final/hibernate-commons-annotations-5.1.2.Final.jar:/Users/mansoorchoudhury/.m2/repository/org/glassfish/jaxb/jaxb-runtime/2.3.5/jaxb-runtime-2.3.5.jar:/Users/mansoorchoudhury/.m2/repository/org/glassfish/jaxb/txw2/2.3.5/txw2-2.3.5.jar:/Users/mansoorchoudhury/.m2/repository/com/sun/istack/istack-commons-runtime/3.0.12/istack-commons-runtime-3.0.12.jar:/Users/mansoorchoudhury/.m2/repository/com/sun/activation/jakarta.activation/1.2.2/jakarta.activation-1.2.2.jar:/Users/mansoorchoudhury/.m2/repository/org/springframework/data/spring-data-jpa/2.6.0/spring-data-jpa-2.6.0.jar:/Users/mansoorchoudhury/.m2/repository/org/springframework/data/spring-data-commons/2.6.0/spring-data-commons-2.6.0.jar:/Users/mansoorchoudhury/.m2/repository/org/springframework/spring-orm/5.3.14/spring-orm-5.3.14.jar:/Users/mansoorchoudhury/.m2/repository/org/springframework/spring-context/5.3.14/spring-context-5.3.14.jar:/Users/mansoorchoudhury/.m2/repository/org/springframework/spring-tx/5.3.14/spring-tx-5.3.14.jar:/Users/mansoorchoudhury/.m2/repository/org/springframework/spring-beans/5.3.14/spring-beans-5.3.14.jar:/Users/mansoorchoudhury/.m2/repository/org/slf4j/slf4j-api/1.7.32/slf4j-api-1.7.32.jar:/Users/mansoorchoudhury/.m2/repository/org/springframework/spring-aspects/5.3.14/spring-aspects-5.3.14.jar:/Users/mansoorchoudhury/.m2/repository/org/springframework/boot/spring-boot-starter-web/2.6.2/spring-boot-starter-web-2.6.2.jar:/Users/mansoorchoudhury/.m2/repository/org/springframework/boot/spring-boot-starter/2.6.2/spring-boot-starter-2.6.2.jar:/Users/mansoorchoudhury/.m2/repository/org/springframework/boot/spring-boot/2.6.2/spring-boot-2.6.2.jar:/Users/mansoorchoudhury/.m2/repository/org/springframework/boot/spring-boot-autoconfigure/2.6.2/spring-boot-autoconfigure-2.6.2.jar:/Users/mansoorchoudhury/.m2/repository/org/springframework/boot/spring-boot-starter-logging/2.6.2/spring-boot-starter-logging-2.6.2.jar:/Users/mansoorchoudhury/.m2/repository/ch/qos/logback/logback-classic/1.2.9/logback-classic-1.2.9.jar:/Users/mansoorchoudhury/.m2/repository/ch/qos/logback/logback-core/1.2.9/logback-core-1.2.9.jar:/Users/mansoorchoudhury/.m2/repository/org/apache/logging/log4j/log4j-to-slf4j/2.17.0/log4j-to-slf4j-2.17.0.jar:/Users/mansoorchoudhury/.m2/repository/org/apache/logging/log4j/log4j-api/2.17.0/log4j-api-2.17.0.jar:/Users/mansoorchoudhury/.m2/repository/org/slf4j/jul-to-slf4j/1.7.32/jul-to-slf4j-1.7.32.jar:/Users/mansoorchoudhury/.m2/repository/jakarta/annotation/jakarta.annotation-api/1.3.5/jakarta.annotation-api-1.3.5.jar:/Users/mansoorchoudhury/.m2/repository/org/yaml/snakeyaml/1.29/snakeyaml-1.29.jar:/Users/mansoorchoudhury/.m2/repository/org/springframework/boot/spring-boot-starter-json/2.6.2/spring-boot-starter-json-2.6.2.jar:/Users/mansoorchoudhury/.m2/repository/org/springframework/boot/spring-boot-starter-tomcat/2.6.2/spring-boot-starter-tomcat-2.6.2.jar:/Users/mansoorchoudhury/.m2/repository/org/apache/tomcat/embed/tomcat-embed-core/9.0.56/tomcat-embed-core-9.0.56.jar:/Users/mansoorchoudhury/.m2/repository/org/apache/tomcat/embed/tomcat-embed-el/9.0.56/tomcat-embed-el-9.0.56.jar:/Users/mansoorchoudhury/.m2/repository/org/apache/tomcat/embed/tomcat-embed-websocket/9.0.56/tomcat-embed-websocket-9.0.56.jar:/Users/mansoorchoudhury/.m2/repository/org/springframework/spring-web/5.3.14/spring-web-5.3.14.jar:/Users/mansoorchoudhury/.m2/repository/org/springframework/spring-webmvc/5.3.14/spring-webmvc-5.3.14.jar:/Users/mansoorchoudhury/.m2/repository/org/springframework/spring-expression/5.3.14/spring-expression-5.3.14.jar:/Users/mansoorchoudhury/.m2/repository/com/h2database/h2/1.4.200/h2-1.4.200.jar:/Users/mansoorchoudhury/.m2/repository/org/springframework/boot/spring-boot-starter-test/2.6.2/spring-boot-starter-test-2.6.2.jar:/Users/mansoorchoudhury/.m2/repository/org/springframework/boot/spring-boot-test/2.6.2/spring-boot-test-2.6.2.jar:/Users/mansoorchoudhury/.m2/repository/org/springframework/boot/spring-boot-test-autoconfigure/2.6.2/spring-boot-test-autoconfigure-2.6.2.jar:/Users/mansoorchoudhury/.m2/repository/com/jayway/jsonpath/json-path/2.6.0/json-path-2.6.0.jar:/Users/mansoorchoudhury/.m2/repository/net/minidev/json-smart/2.4.7/json-smart-2.4.7.jar:/Users/mansoorchoudhury/.m2/repository/net/minidev/accessors-smart/2.4.7/accessors-smart-2.4.7.jar:/Users/mansoorchoudhury/.m2/repository/org/ow2/asm/asm/9.1/asm-9.1.jar:/Users/mansoorchoudhury/.m2/repository/jakarta/xml/bind/jakarta.xml.bind-api/2.3.3/jakarta.xml.bind-api-2.3.3.jar:/Users/mansoorchoudhury/.m2/repository/jakarta/activation/jakarta.activation-api/1.2.2/jakarta.activation-api-1.2.2.jar:/Users/mansoorchoudhury/.m2/repository/org/assertj/assertj-core/3.21.0/assertj-core-3.21.0.jar:/Users/mansoorchoudhury/.m2/repository/org/hamcrest/hamcrest/2.2/hamcrest-2.2.jar:/Users/mansoorchoudhury/.m2/repository/org/junit/jupiter/junit-jupiter/5.8.2/junit-jupiter-5.8.2.jar:/Users/mansoorchoudhury/.m2/repository/org/junit/jupiter/junit-jupiter-api/5.8.2/junit-jupiter-api-5.8.2.jar:/Users/mansoorchoudhury/.m2/repository/org/opentest4j/opentest4j/1.2.0/opentest4j-1.2.0.jar:/Users/mansoorchoudhury/.m2/repository/org/junit/platform/junit-platform-commons/1.8.2/junit-platform-commons-1.8.2.jar:/Users/mansoorchoudhury/.m2/repository/org/apiguardian/apiguardian-api/1.1.2/apiguardian-api-1.1.2.jar:/Users/mansoorchoudhury/.m2/repository/org/junit/jupiter/junit-jupiter-params/5.8.2/junit-jupiter-params-5.8.2.jar:/Users/mansoorchoudhury/.m2/repository/org/junit/jupiter/junit-jupiter-engine/5.8.2/junit-jupiter-engine-5.8.2.jar:/Users/mansoorchoudhury/.m2/repository/org/junit/platform/junit-platform-engine/1.8.2/junit-platform-engine-1.8.2.jar:/Users/mansoorchoudhury/.m2/repository/org/mockito/mockito-core/4.0.0/mockito-core-4.0.0.jar:/Users/mansoorchoudhury/.m2/repository/net/bytebuddy/byte-buddy-agent/1.11.22/byte-buddy-agent-1.11.22.jar:/Users/mansoorchoudhury/.m2/repository/org/objenesis/objenesis/3.2/objenesis-3.2.jar:/Users/mansoorchoudhury/.m2/repository/org/mockito/mockito-junit-jupiter/4.0.0/mockito-junit-jupiter-4.0.0.jar:/Users/mansoorchoudhury/.m2/repository/org/skyscreamer/jsonassert/1.5.0/jsonassert-1.5.0.jar:/Users/mansoorchoudhury/.m2/repository/com/vaadin/external/google/android-json/0.0.20131108.vaadin1/android-json-0.0.20131108.vaadin1.jar:/Users/mansoorchoudhury/.m2/repository/org/springframework/spring-core/5.3.14/spring-core-5.3.14.jar:/Users/mansoorchoudhury/.m2/repository/org/springframework/spring-jcl/5.3.14/spring-jcl-5.3.14.jar:/Users/mansoorchoudhury/.m2/repository/org/springframework/spring-test/5.3.14/spring-test-5.3.14.jar:/Users/mansoorchoudhury/.m2/repository/org/xmlunit/xmlunit-core/2.8.4/xmlunit-core-2.8.4.jar:/Users/mansoorchoudhury/.m2/repository/com/typesafe/akka/akka-actor_2.12/2.6.0-M8/akka-actor_2.12-2.6.0-M8.jar:/Users/mansoorchoudhury/.m2/repository/org/scala-lang/scala-library/2.12.9/scala-library-2.12.9.jar:/Users/mansoorchoudhury/.m2/repository/com/typesafe/config/1.3.5-RC1/config-1.3.5-RC1.jar:/Users/mansoorchoudhury/.m2/repository/org/scala-lang/modules/scala-java8-compat_2.12/0.8.0/scala-java8-compat_2.12-0.8.0.jar:/Users/mansoorchoudhury/.m2/repository/junit/junit/4.12/junit-4.12.jar:/Users/mansoorchoudhury/.m2/repository/org/hamcrest/hamcrest-core/2.2/hamcrest-core-2.2.jar:/Users/mansoorchoudhury/.m2/repository/com/typesafe/akka/akka-testkit_2.12/2.6.0-M8/akka-testkit_2.12-2.6.0-M8.jar:/Users/mansoorchoudhury/.m2/repository/com/typesafe/akka/akka-remote_2.12/2.6.0-M8/akka-remote_2.12-2.6.0-M8.jar:/Users/mansoorchoudhury/.m2/repository/com/typesafe/akka/akka-stream_2.12/2.6.0-M8/akka-stream_2.12-2.6.0-M8.jar:/Users/mansoorchoudhury/.m2/repository/org/reactivestreams/reactive-streams/1.0.3/reactive-streams-1.0.3.jar:/Users/mansoorchoudhury/.m2/repository/com/typesafe/ssl-config-core_2.12/0.3.8/ssl-config-core_2.12-0.3.8.jar:/Users/mansoorchoudhury/.m2/repository/org/scala-lang/modules/scala-parser-combinators_2.12/1.1.2/scala-parser-combinators_2.12-1.1.2.jar:/Users/mansoorchoudhury/.m2/repository/com/typesafe/akka/akka-protobuf-v3_2.12/2.6.0-M8/akka-protobuf-v3_2.12-2.6.0-M8.jar:/Users/mansoorchoudhury/.m2/repository/com/google/protobuf/protobuf-java/3.9.2/protobuf-java-3.9.2.jar:/Users/mansoorchoudhury/.m2/repository/org/agrona/agrona/1.0.7/agrona-1.0.7.jar:/Users/mansoorchoudhury/.m2/repository/io/netty/netty/3.10.6.Final/netty-3.10.6.Final.jar:/Users/mansoorchoudhury/.m2/repository/com/typesafe/akka/akka-cluster-typed_2.12/2.6.0-M8/akka-cluster-typed_2.12-2.6.0-M8.jar:/Users/mansoorchoudhury/.m2/repository/com/typesafe/akka/akka-actor-typed_2.12/2.6.0-M8/akka-actor-typed_2.12-2.6.0-M8.jar:/Users/mansoorchoudhury/.m2/repository/com/typesafe/akka/akka-cluster_2.12/2.6.0-M8/akka-cluster_2.12-2.6.0-M8.jar:/Users/mansoorchoudhury/.m2/repository/com/typesafe/akka/akka-cluster-tools_2.12/2.6.0-M8/akka-cluster-tools_2.12-2.6.0-M8.jar:/Users/mansoorchoudhury/.m2/repository/com/typesafe/akka/akka-coordination_2.12/2.6.0-M8/akka-coordination_2.12-2.6.0-M8.jar:/Users/mansoorchoudhury/.m2/repository/com/typesafe/akka/akka-distributed-data_2.12/2.6.0-M8/akka-distributed-data_2.12-2.6.0-M8.jar:/Users/mansoorchoudhury/.m2/repository/org/lmdbjava/lmdbjava/0.7.0/lmdbjava-0.7.0.jar:/Users/mansoorchoudhury/.m2/repository/com/github/jnr/jnr-ffi/2.1.9/jnr-ffi-2.1.9.jar:/Users/mansoorchoudhury/.m2/repository/org/ow2/asm/asm-commons/5.0.3/asm-commons-5.0.3.jar:/Users/mansoorchoudhury/.m2/repository/org/ow2/asm/asm-analysis/5.0.3/asm-analysis-5.0.3.jar:/Users/mansoorchoudhury/.m2/repository/org/ow2/asm/asm-tree/5.0.3/asm-tree-5.0.3.jar:/Users/mansoorchoudhury/.m2/repository/org/ow2/asm/asm-util/5.0.3/asm-util-5.0.3.jar:/Users/mansoorchoudhury/.m2/repository/com/github/jnr/jnr-a64asm/1.0.0/jnr-a64asm-1.0.0.jar:/Users/mansoorchoudhury/.m2/repository/com/github/jnr/jnr-x86asm/1.0.2/jnr-x86asm-1.0.2.jar:/Users/mansoorchoudhury/.m2/repository/com/github/jnr/jffi/1.2.18/jffi-1.2.18.jar:/Users/mansoorchoudhury/.m2/repository/com/github/jnr/jffi/1.2.18/jffi-1.2.18-native.jar:/Users/mansoorchoudhury/.m2/repository/com/github/jnr/jnr-constants/0.9.12/jnr-constants-0.9.12.jar:/Users/mansoorchoudhury/.m2/repository/com/typesafe/akka/akka-serialization-jackson_2.12/2.6.0-M8/akka-serialization-jackson_2.12-2.6.0-M8.jar:/Users/mansoorchoudhury/.m2/repository/com/fasterxml/jackson/core/jackson-core/2.13.1/jackson-core-2.13.1.jar:/Users/mansoorchoudhury/.m2/repository/com/fasterxml/jackson/core/jackson-annotations/2.13.1/jackson-annotations-2.13.1.jar:/Users/mansoorchoudhury/.m2/repository/com/fasterxml/jackson/core/jackson-databind/2.13.1/jackson-databind-2.13.1.jar:/Users/mansoorchoudhury/.m2/repository/com/fasterxml/jackson/module/jackson-module-scala_2.12/2.13.1/jackson-module-scala_2.12-2.13.1.jar:/Users/mansoorchoudhury/.m2/repository/com/thoughtworks/paranamer/paranamer/2.8/paranamer-2.8.jar:/Users/mansoorchoudhury/.m2/repository/com/fasterxml/jackson/datatype/jackson-datatype-jdk8/2.13.1/jackson-datatype-jdk8-2.13.1.jar:/Users/mansoorchoudhury/.m2/repository/com/fasterxml/jackson/datatype/jackson-datatype-jsr310/2.13.1/jackson-datatype-jsr310-2.13.1.jar:/Users/mansoorchoudhury/.m2/repository/com/fasterxml/jackson/module/jackson-module-parameter-names/2.13.1/jackson-module-parameter-names-2.13.1.jar:/Users/mansoorchoudhury/.m2/repository/com/fasterxml/jackson/dataformat/jackson-dataformat-cbor/2.13.1/jackson-dataformat-cbor-2.13.1.jar:/Users/mansoorchoudhury/Documents/DSProject/HighBrow-Tribe/centralCore/target/centralCore-0.0.1-SNAPSHOT.jar:/Users/mansoorchoudhury/.m2/repository/org/projectlombok/lombok/1.18.22/lombok-1.18.22.jar:"/>
    <property name="sun.cpu.endian" value="little"/>
    <property name="user.home" value="/Users/mansoorchoudhury"/>
    <property name="user.language" value="en"/>
    <property name="java.specification.vendor" value="Oracle Corporation"/>
    <property name="java.version.date" value="2021-07-20"/>
    <property name="java.home" value="/Users/mansoorchoudhury/.sdkman/candidates/java/11.0.12-tem"/>
    <property name="file.separator" value="/"/>
    <property name="basedir" value="/Users/mansoorchoudhury/Documents/DSProject/HighBrow-Tribe/persistentSystem"/>
    <property name="java.vm.compressedOopsMode" value="Zero based"/>
    <property name="line.separator" value="&#10;"/>
    <property name="java.specification.name" value="Java Platform API Specification"/>
    <property name="java.vm.specification.vendor" value="Oracle Corporation"/>
    <property name="java.awt.graphicsenv" value="sun.awt.CGraphicsEnvironment"/>
    <property name="surefire.real.class.path" value="/Users/mansoorchoudhury/Documents/DSProject/HighBrow-Tribe/persistentSystem/target/surefire/surefirebooter5899851199793609900.jar"/>
    <property name="sun.management.compiler" value="HotSpot 64-Bit Tiered Compilers"/>
    <property name="ftp.nonProxyHosts" value="local|*.local|169.254/16|*.169.254/16"/>
    <property name="java.runtime.version" value="11.0.12+7"/>
    <property name="user.name" value="mansoorchoudhury"/>
    <property name="path.separator" value=":"/>
    <property name="os.version" value="10.15.6"/>
    <property name="java.runtime.name" value="OpenJDK Runtime Environment"/>
    <property name="file.encoding" value="US-ASCII"/>
    <property name="java.vm.name" value="OpenJDK 64-Bit Server VM"/>
    <property name="java.vendor.version" value="Temurin-11.0.12+7"/>
    <property name="localRepository" value="/Users/mansoorchoudhury/.m2/repository"/>
    <property name="java.vendor.url.bug" value="https://github.com/adoptium/adoptium-support/issues"/>
    <property name="java.io.tmpdir" value="/var/folders/56/519r9yvn2qxbgfpycn260jb40000gn/T/"/>
    <property name="java.version" value="11.0.12"/>
    <property name="user.dir" value="/Users/mansoorchoudhury/Documents/DSProject/HighBrow-Tribe/persistentSystem"/>
    <property name="os.arch" value="x86_64"/>
    <property name="java.vm.specification.name" value="Java Virtual Machine Specification"/>
    <property name="java.awt.printerjob" value="sun.lwawt.macosx.CPrinterJob"/>
    <property name="sun.os.patch.level" value="unknown"/>
    <property name="java.library.path" value="/Users/mansoorchoudhury/Library/Java/Extensions:/Library/Java/Extensions:/Network/Library/Java/Extensions:/System/Library/Java/Extensions:/usr/lib/java:."/>
    <property name="java.vm.info" value="mixed mode"/>
    <property name="java.vendor" value="Eclipse Foundation"/>
    <property name="java.vm.version" value="11.0.12+7"/>
    <property name="sun.io.unicode.encoding" value="UnicodeBig"/>
    <property name="java.class.version" value="55.0"/>
    <property name="socksNonProxyHosts" value="local|*.local|169.254/16|*.169.254/16"/>
  </properties>
  <testcase name="contextLoads" classname="com.example.Tribes.TribesApplicationTests" time="0.128"/>
</testsuite>